06.05.2012 1:22:22     SEND PING    00 FF 00 00 00 06 01 03 00 00 00 00 
06.05.2012 1:22:23     SEND READ    00 02 00 00 00 06 01 03 00 04 00 01 
06.05.2012 1:22:23     GET DATA    00 02 00 00 00 05 01 03 02 00 CF 
06.05.2012 1:22:23     SEND READ    00 01 00 00 00 06 01 03 00 02 00 02 
06.05.2012 1:22:23     GET DATA    00 01 00 00 00 07 01 03 04 00 8C 00 00 
06.05.2012 1:22:23     SEND READ    00 00 00 00 00 06 01 03 00 00 00 01 
06.05.2012 1:22:23     GET DATA    00 00 00 00 00 05 01 03 02 00 46 
06.05.2012 1:22:23     SEND READ    00 05 00 00 00 06 01 03 00 09 00 01 
06.05.2012 1:22:23     GET DATA    00 05 00 00 00 03 01 83 02 
06.05.2012 1:22:23     SEND READ    00 04 00 00 00 06 01 03 00 08 00 01 
06.05.2012 1:22:23     GET DATA    00 04 00 00 00 05 01 03 02 A4 5E 
06.05.2012 1:22:23     SEND READ    00 03 00 00 00 06 01 03 00 06 00 02 
06.05.2012 1:22:23     GET DATA    00 03 00 00 00 07 01 03 04 01 18 00 00 
06.05.2012 1:22:23     SEND READ    00 02 00 00 00 06 01 03 00 04 00 01 
06.05.2012 1:22:24     SEND READ    00 01 00 00 00 06 01 03 00 02 00 02 
06.05.2012 1:22:24     GET DATA    00 02 00 00 00 05 01 03 02 00 D5 
06.05.2012 1:22:24     SEND READ    00 00 00 00 00 06 01 03 00 00 00 01 
06.05.2012 1:22:24     GET DATA    00 00 00 00 00 05 01 03 02 00 47 
06.05.2012 1:22:24     SEND READ    00 05 00 00 00 06 01 03 00 09 00 01 
06.05.2012 1:22:24     GET DATA    00 05 00 00 00 03 01 83 02 
06.05.2012 1:22:24     SEND READ    00 04 00 00 00 06 01 03 00 08 00 01 
06.05.2012 1:22:24     GET DATA    00 04 00 00 00 05 01 03 02 AA 63 
06.05.2012 1:22:24     SEND READ    00 03 00 00 00 06 01 03 00 06 00 02 
06.05.2012 1:22:24     GET DATA    00 03 00 00 00 07 01 03 04 01 1C 00 00 
06.05.2012 1:22:24     SEND READ    00 02 00 00 00 06 01 03 00 04 00 01 
06.05.2012 1:22:24     GET DATA    00 02 00 00 00 05 01 03 02 00 D5 
06.05.2012 1:22:24     SEND READ    00 01 00 00 00 06 01 03 00 02 00 02 
06.05.2012 1:22:24     GET DATA    00 01 00 00 00 07 01 03 04 00 8E 00 00 
06.05.2012 1:22:24     SEND READ    00 00 00 00 00 06 01 03 00 00 00 01 
06.05.2012 1:22:24     GET DATA    00 00 00 00 00 05 01 03 02 00 47 
06.05.2012 1:22:24     SEND READ    00 05 00 00 00 06 01 03 00 09 00 01 
06.05.2012 1:22:24     GET DATA    00 05 00 00 00 03 01 83 02 
06.05.2012 1:22:24     SEND READ    00 04 00 00 00 06 01 03 00 08 00 01 
06.05.2012 1:22:24     GET DATA    00 04 00 00 00 05 01 03 02 AA 63 
06.05.2012 1:22:24     SEND READ    00 03 00 00 00 06 01 03 00 06 00 02 
06.05.2012 1:22:24     GET DATA    00 03 00 00 00 07 01 03 04 01 1C 00 00 
06.05.2012 1:22:25     SEND READ    00 02 00 00 00 06 01 03 00 04 00 01 
06.05.2012 1:22:25     GET DATA    00 02 00 00 00 05 01 03 02 00 D8 
06.05.2012 1:22:25     SEND READ    00 01 00 00 00 06 01 03 00 02 00 02 
06.05.2012 1:22:25     GET DATA    00 01 00 00 00 07 01 03 04 00 90 00 00 
06.05.2012 1:22:25     SEND READ    00 00 00 00 00 06 01 03 00 00 00 01 
06.05.2012 1:22:25     GET DATA    00 00 00 00 00 05 01 03 02 00 48 
06.05.2012 1:22:25     SEND READ    00 05 00 00 00 06 01 03 00 09 00 01 
06.05.2012 1:22:25     GET DATA    00 05 00 00 00 03 01 83 02 
06.05.2012 1:22:25     SEND READ    00 04 00 00 00 06 01 03 00 08 00 01 
06.05.2012 1:22:25     GET DATA    00 04 00 00 00 05 01 03 02 B0 68 
06.05.2012 1:22:25     SEND READ    00 03 00 00 00 06 01 03 00 06 00 02 
06.05.2012 1:22:25     GET DATA    00 03 00 00 00 07 01 03 04 01 20 00 00 
06.05.2012 1:22:26     SEND READ    00 02 00 00 00 06 01 03 00 04 00 01 
06.05.2012 1:22:26     GET DATA    00 02 00 00 00 05 01 03 02 00 DB 
06.05.2012 1:22:26     SEND READ    00 01 00 00 00 06 01 03 00 02 00 02 
06.05.2012 1:22:26     GET DATA    00 01 00 00 00 07 01 03 04 00 92 00 00 
06.05.2012 1:22:26     SEND READ    00 00 00 00 00 06 01 03 00 00 00 01 
06.05.2012 1:22:26     GET DATA    00 00 00 00 00 05 01 03 02 00 49 
06.05.2012 1:22:26     SEND READ    00 05 00 00 00 06 01 03 00 09 00 01 
06.05.2012 1:22:26     GET DATA    00 05 00 00 00 03 01 83 02 
06.05.2012 1:22:26     SEND READ    00 04 00 00 00 06 01 03 00 08 00 01 
06.05.2012 1:22:26     GET DATA    00 04 00 00 00 05 01 03 02 B6 6D 
06.05.2012 1:22:26     SEND READ    00 03 00 00 00 06 01 03 00 06 00 02 
06.05.2012 1:22:26     GET DATA    00 03 00 00 00 07 01 03 04 01 24 00 00 
06.05.2012 1:22:27     SEND READ    00 02 00 00 00 06 01 03 00 04 00 01 
06.05.2012 1:22:27     GET DATA    00 02 00 00 00 05 01 03 02 00 DE 
06.05.2012 1:22:27     SEND READ    00 01 00 00 00 06 01 03 00 02 00 02 
06.05.2012 1:22:27     GET DATA    00 01 00 00 00 07 01 03 04 00 94 00 00 
06.05.2012 1:22:27     SEND READ    00 00 00 00 00 06 01 03 00 00 00 01 
06.05.2012 1:22:27     GET DATA    00 00 00 00 00 05 01 03 02 00 4A 
06.05.2012 1:22:27     SEND READ    00 05 00 00 00 06 01 03 00 09 00 01 
06.05.2012 1:22:27     GET DATA    00 05 00 00 00 03 01 83 02 
06.05.2012 1:22:27     SEND READ    00 04 00 00 00 06 01 03 00 08 00 01 
06.05.2012 1:22:27     GET DATA    00 04 00 00 00 05 01 03 02 BC 72 
06.05.2012 1:22:27     SEND READ    00 03 00 00 00 06 01 03 00 06 00 02 
06.05.2012 1:22:27     GET DATA    00 03 00 00 00 07 01 03 04 01 28 00 00 
06.05.2012 1:22:28     SEND READ    00 02 00 00 00 06 01 03 00 04 00 01 
06.05.2012 1:22:28     GET DATA    00 02 00 00 00 05 01 03 02 00 E1 
06.05.2012 1:22:28     SEND READ    00 01 00 00 00 06 01 03 00 02 00 02 
06.05.2012 1:22:28     GET DATA    00 01 00 00 00 07 01 03 04 00 96 00 00 
06.05.2012 1:22:28     SEND READ    00 00 00 00 00 06 01 03 00 00 00 01 
06.05.2012 1:22:28     GET DATA    00 00 00 00 00 05 01 03 02 00 4B 
06.05.2012 1:22:28     SEND READ    00 05 00 00 00 06 01 03 00 09 00 01 
06.05.2012 1:22:28     GET DATA    00 05 00 00 00 03 01 83 02 
06.05.2012 1:22:28     SEND READ    00 04 00 00 00 06 01 03 00 08 00 01 
06.05.2012 1:22:28     GET DATA    00 04 00 00 00 05 01 03 02 C2 77 
06.05.2012 1:22:28     SEND READ    00 03 00 00 00 06 01 03 00 06 00 02 
06.05.2012 1:22:28     GET DATA    00 03 00 00 00 07 01 03 04 01 2C 00 00 
06.05.2012 1:22:29     SEND READ    00 02 00 00 00 06 01 03 00 04 00 01 
06.05.2012 1:22:29     GET DATA    00 02 00 00 00 05 01 03 02 00 E4 
06.05.2012 1:22:29     SEND READ    00 01 00 00 00 06 01 03 00 02 00 02 
06.05.2012 1:22:29     GET DATA    00 01 00 00 00 07 01 03 04 00 98 00 00 
06.05.2012 1:22:29     SEND READ    00 00 00 00 00 06 01 03 00 00 00 01 
06.05.2012 1:22:29     GET DATA    00 00 00 00 00 05 01 03 02 00 4C 
06.05.2012 1:22:29     SEND READ    00 05 00 00 00 06 01 03 00 09 00 01 
06.05.2012 1:22:29     GET DATA    00 05 00 00 00 03 01 83 02 
06.05.2012 1:22:29     SEND READ    00 04 00 00 00 06 01 03 00 08 00 01 
06.05.2012 1:22:29     GET DATA    00 04 00 00 00 05 01 03 02 C8 7C 
06.05.2012 1:22:29     SEND READ    00 03 00 00 00 06 01 03 00 06 00 02 
06.05.2012 1:22:29     GET DATA    00 03 00 00 00 07 01 03 04 01 30 00 00 
06.05.2012 1:22:30     SEND READ    00 02 00 00 00 06 01 03 00 04 00 01 
06.05.2012 1:22:30     GET DATA    00 02 00 00 00 05 01 03 02 00 E7 
06.05.2012 1:22:30     SEND READ    00 01 00 00 00 06 01 03 00 02 00 02 
06.05.2012 1:22:30     GET DATA    00 01 00 00 00 07 01 03 04 00 9A 00 00 
06.05.2012 1:22:30     SEND READ    00 00 00 00 00 06 01 03 00 00 00 01 
06.05.2012 1:22:30     GET DATA    00 00 00 00 00 05 01 03 02 00 4D 
06.05.2012 1:22:30     SEND READ    00 05 00 00 00 06 01 03 00 09 00 01 
06.05.2012 1:22:30     GET DATA    00 05 00 00 00 03 01 83 02 
06.05.2012 1:22:30     SEND READ    00 04 00 00 00 06 01 03 00 08 00 01 
06.05.2012 1:22:30     GET DATA    00 04 00 00 00 05 01 03 02 CE 81 
06.05.2012 1:22:30     SEND READ    00 03 00 00 00 06 01 03 00 06 00 02 
06.05.2012 1:22:30     GET DATA    00 03 00 00 00 07 01 03 04 01 34 00 00 
06.05.2012 1:22:31     SEND READ    00 02 00 00 00 06 01 03 00 04 00 01 
06.05.2012 1:22:31     GET DATA    00 02 00 00 00 05 01 03 02 00 EA 
06.05.2012 1:22:31     SEND READ    00 01 00 00 00 06 01 03 00 02 00 02 
06.05.2012 1:22:31     GET DATA    00 01 00 00 00 07 01 03 04 00 9C 00 00 
06.05.2012 1:22:31     SEND READ    00 00 00 00 00 06 01 03 00 00 00 01 
06.05.2012 1:22:31     GET DATA    00 00 00 00 00 05 01 03 02 00 4E 
06.05.2012 1:22:31     SEND READ    00 05 00 00 00 06 01 03 00 09 00 01 
06.05.2012 1:22:31     GET DATA    00 05 00 00 00 03 01 83 02 
06.05.2012 1:22:31     SEND READ    00 04 00 00 00 06 01 03 00 08 00 01 
06.05.2012 1:22:31     GET DATA    00 04 00 00 00 05 01 03 02 D4 86 
06.05.2012 1:22:31     SEND READ    00 03 00 00 00 06 01 03 00 06 00 02 
06.05.2012 1:22:31     GET DATA    00 03 00 00 00 07 01 03 04 01 38 00 00 
06.05.2012 1:22:32     SEND READ    00 02 00 00 00 06 01 03 00 04 00 01 
06.05.2012 1:22:32     GET DATA    00 02 00 00 00 05 01 03 02 00 ED 
06.05.2012 1:22:32     SEND READ    00 01 00 00 00 06 01 03 00 02 00 02 
06.05.2012 1:22:32     GET DATA    00 01 00 00 00 07 01 03 04 00 9E 00 00 
06.05.2012 1:22:32     SEND READ    00 00 00 00 00 06 01 03 00 00 00 01 
06.05.2012 1:22:32     GET DATA    00 00 00 00 00 05 01 03 02 00 4F 
06.05.2012 1:22:32     SEND READ    00 05 00 00 00 06 01 03 00 09 00 01 
06.05.2012 1:22:32     GET DATA    00 05 00 00 00 03 01 83 02 
06.05.2012 1:22:32     SEND READ    00 04 00 00 00 06 01 03 00 08 00 01 
06.05.2012 1:22:32     GET DATA    00 04 00 00 00 05 01 03 02 DA 8B 
06.05.2012 1:22:32     SEND READ    00 03 00 00 00 06 01 03 00 06 00 02 
06.05.2012 1:22:32     GET DATA    00 03 00 00 00 07 01 03 04 01 3C 00 00 
06.05.2012 1:22:33     SEND READ    00 02 00 00 00 06 01 03 00 04 00 01 
06.05.2012 1:22:33     GET DATA    00 02 00 00 00 05 01 03 02 00 F0 
06.05.2012 1:22:33     SEND READ    00 01 00 00 00 06 01 03 00 02 00 02 
06.05.2012 1:22:33     GET DATA    00 01 00 00 00 07 01 03 04 00 A0 00 00 
06.05.2012 1:22:33     SEND READ    00 00 00 00 00 06 01 03 00 00 00 01 
06.05.2012 1:22:33     GET DATA    00 00 00 00 00 05 01 03 02 00 50 
06.05.2012 1:22:33     SEND READ    00 05 00 00 00 06 01 03 00 09 00 01 
06.05.2012 1:22:33     GET DATA    00 05 00 00 00 03 01 83 02 
06.05.2012 1:22:33     SEND READ    00 04 00 00 00 06 01 03 00 08 00 01 
06.05.2012 1:22:33     GET DATA    00 04 00 00 00 05 01 03 02 E0 90 
06.05.2012 1:22:33     SEND READ    00 03 00 00 00 06 01 03 00 06 00 02 
06.05.2012 1:22:33     GET DATA    00 03 00 00 00 07 01 03 04 01 40 00 00 
06.05.2012 1:22:34     SEND READ    00 02 00 00 00 06 01 03 00 04 00 01 
06.05.2012 1:22:34     GET DATA    00 02 00 00 00 05 01 03 02 00 F3 
06.05.2012 1:22:34     SEND READ    00 01 00 00 00 06 01 03 00 02 00 02 
06.05.2012 1:22:34     GET DATA    00 01 00 00 00 07 01 03 04 00 A2 00 00 
06.05.2012 1:22:34     SEND READ    00 00 00 00 00 06 01 03 00 00 00 01 
06.05.2012 1:22:34     GET DATA    00 00 00 00 00 05 01 03 02 00 51 
06.05.2012 1:22:34     SEND READ    00 05 00 00 00 06 01 03 00 09 00 01 
06.05.2012 1:22:34     GET DATA    00 05 00 00 00 03 01 83 02 
06.05.2012 1:22:34     SEND READ    00 04 00 00 00 06 01 03 00 08 00 01 
06.05.2012 1:22:34     GET DATA    00 04 00 00 00 05 01 03 02 E6 95 
06.05.2012 1:22:34     SEND READ    00 03 00 00 00 06 01 03 00 06 00 02 
06.05.2012 1:22:34     GET DATA    00 03 00 00 00 07 01 03 04 01 44 00 00 
06.05.2012 1:22:35     SEND READ    00 02 00 00 00 06 01 03 00 04 00 01 
06.05.2012 1:22:35     GET DATA    00 02 00 00 00 05 01 03 02 00 F6 
06.05.2012 1:22:35     SEND READ    00 01 00 00 00 06 01 03 00 02 00 02 
06.05.2012 1:22:35     GET DATA    00 01 00 00 00 07 01 03 04 00 A4 00 00 
06.05.2012 1:22:35     SEND READ    00 00 00 00 00 06 01 03 00 00 00 01 
06.05.2012 1:22:35     GET DATA    00 00 00 00 00 05 01 03 02 00 52 
06.05.2012 1:22:35     SEND READ    00 05 00 00 00 06 01 03 00 09 00 01 
06.05.2012 1:22:35     GET DATA    00 05 00 00 00 03 01 83 02 
06.05.2012 1:22:35     SEND READ    00 04 00 00 00 06 01 03 00 08 00 01 
06.05.2012 1:22:35     GET DATA    00 04 00 00 00 05 01 03 02 EC 9A 
06.05.2012 1:22:35     SEND READ    00 03 00 00 00 06 01 03 00 06 00 02 
06.05.2012 1:22:35     GET DATA    00 03 00 00 00 07 01 03 04 01 48 00 00 
06.05.2012 1:22:36     SEND READ    00 02 00 00 00 06 01 03 00 04 00 01 
06.05.2012 1:22:36     GET DATA    00 02 00 00 00 05 01 03 02 00 F9 
06.05.2012 1:22:36     SEND READ    00 01 00 00 00 06 01 03 00 02 00 02 
06.05.2012 1:22:36     GET DATA    00 01 00 00 00 07 01 03 04 00 A6 00 00 
06.05.2012 1:22:36     SEND READ    00 00 00 00 00 06 01 03 00 00 00 01 
06.05.2012 1:22:36     GET DATA    00 00 00 00 00 05 01 03 02 00 53 
06.05.2012 1:22:36     SEND READ    00 05 00 00 00 06 01 03 00 09 00 01 
06.05.2012 1:22:36     GET DATA    00 05 00 00 00 03 01 83 02 
06.05.2012 1:22:36     SEND READ    00 04 00 00 00 06 01 03 00 08 00 01 
06.05.2012 1:22:36     GET DATA    00 04 00 00 00 05 01 03 02 F2 9F 
06.05.2012 1:22:36     SEND READ    00 03 00 00 00 06 01 03 00 06 00 02 
06.05.2012 1:22:36     GET DATA    00 03 00 00 00 07 01 03 04 01 4C 00 00 
06.05.2012 1:22:37     SEND READ    00 02 00 00 00 06 01 03 00 04 00 01 
06.05.2012 1:22:37     GET DATA    00 02 00 00 00 05 01 03 02 00 FC 
06.05.2012 1:22:37     SEND READ    00 01 00 00 00 06 01 03 00 02 00 02 
06.05.2012 1:22:37     GET DATA    00 01 00 00 00 07 01 03 04 00 A8 00 00 
06.05.2012 1:22:37     SEND READ    00 00 00 00 00 06 01 03 00 00 00 01 
06.05.2012 1:22:37     GET DATA    00 00 00 00 00 05 01 03 02 00 54 
06.05.2012 1:22:37     SEND READ    00 05 00 00 00 06 01 03 00 09 00 01 
06.05.2012 1:22:37     GET DATA    00 05 00 00 00 03 01 83 02 
06.05.2012 1:22:37     SEND READ    00 04 00 00 00 06 01 03 00 08 00 01 
06.05.2012 1:22:37     GET DATA    00 04 00 00 00 05 01 03 02 F8 A4 
06.05.2012 1:22:37     SEND READ    00 03 00 00 00 06 01 03 00 06 00 02 
06.05.2012 1:22:37     GET DATA    00 03 00 00 00 07 01 03 04 01 50 00 00 
06.05.2012 1:22:38     SEND READ    00 02 00 00 00 06 01 03 00 04 00 01 
06.05.2012 1:22:38     GET DATA    00 02 00 00 00 05 01 03 02 00 FF 
06.05.2012 1:22:38     SEND READ    00 01 00 00 00 06 01 03 00 02 00 02 
06.05.2012 1:22:38     GET DATA    00 01 00 00 00 07 01 03 04 00 AA 00 00 
06.05.2012 1:22:38     SEND READ    00 00 00 00 00 06 01 03 00 00 00 01 
06.05.2012 1:22:38     GET DATA    00 00 00 00 00 05 01 03 02 00 55 
06.05.2012 1:22:38     SEND READ    00 05 00 00 00 06 01 03 00 09 00 01 
06.05.2012 1:22:38     GET DATA    00 05 00 00 00 03 01 83 02 
06.05.2012 1:22:38     SEND READ    00 04 00 00 00 06 01 03 00 08 00 01 
06.05.2012 1:22:38     GET DATA    00 04 00 00 00 05 01 03 02 FE A9 
06.05.2012 1:22:38     SEND READ    00 03 00 00 00 06 01 03 00 06 00 02 
06.05.2012 1:22:38     GET DATA    00 03 00 00 00 07 01 03 04 01 54 00 00 
06.05.2012 1:22:39     SEND READ    00 02 00 00 00 06 01 03 00 04 00 01 
06.05.2012 1:22:39     GET DATA    00 02 00 00 00 05 01 03 02 01 02 
06.05.2012 1:22:39     SEND READ    00 01 00 00 00 06 01 03 00 02 00 02 
06.05.2012 1:22:39     GET DATA    00 01 00 00 00 07 01 03 04 00 AC 00 00 
06.05.2012 1:22:39     SEND READ    00 00 00 00 00 06 01 03 00 00 00 01 
06.05.2012 1:22:39     GET DATA    00 00 00 00 00 05 01 03 02 00 56 
06.05.2012 1:22:39     SEND READ    00 05 00 00 00 06 01 03 00 09 00 01 
06.05.2012 1:22:40     GET DATA    00 05 00 00 00 03 01 83 02 
06.05.2012 1:22:40     SEND READ    00 04 00 00 00 06 01 03 00 08 00 01 
06.05.2012 1:22:40     GET DATA    00 04 00 00 00 05 01 03 02 04 AE 
06.05.2012 1:22:40     SEND READ    00 03 00 00 00 06 01 03 00 06 00 02 
06.05.2012 1:22:40     GET DATA    00 03 00 00 00 07 01 03 04 01 58 00 00 
06.05.2012 1:22:40     SEND READ    00 02 00 00 00 06 01 03 00 04 00 01 
06.05.2012 1:22:40     GET DATA    00 02 00 00 00 05 01 03 02 01 05 
06.05.2012 1:22:40     SEND READ    00 01 00 00 00 06 01 03 00 02 00 02 
06.05.2012 1:22:40     GET DATA    00 01 00 00 00 07 01 03 04 00 AE 00 00 
06.05.2012 1:22:40     SEND READ    00 00 00 00 00 06 01 03 00 00 00 01 
06.05.2012 1:22:40     GET DATA    00 00 00 00 00 05 01 03 02 00 57 
06.05.2012 1:22:40     SEND READ    00 05 00 00 00 06 01 03 00 09 00 01 
06.05.2012 1:22:40     GET DATA    00 05 00 00 00 03 01 83 02 
06.05.2012 1:22:40     SEND READ    00 04 00 00 00 06 01 03 00 08 00 01 
06.05.2012 1:22:40     GET DATA    00 04 00 00 00 05 01 03 02 0A B3 
06.05.2012 1:22:40     SEND READ    00 03 00 00 00 06 01 03 00 06 00 02 
06.05.2012 1:22:40     GET DATA    00 03 00 00 00 07 01 03 04 01 5C 00 00 
06.05.2012 1:22:41     SEND READ    00 02 00 00 00 06 01 03 00 04 00 01 
06.05.2012 1:22:41     GET DATA    00 02 00 00 00 05 01 03 02 01 08 
06.05.2012 1:22:41     SEND READ    00 01 00 00 00 06 01 03 00 02 00 02 
06.05.2012 1:22:41     GET DATA    00 01 00 00 00 07 01 03 04 00 B0 00 00 
06.05.2012 1:22:41     SEND READ    00 00 00 00 00 06 01 03 00 00 00 01 
06.05.2012 1:22:41     GET DATA    00 00 00 00 00 05 01 03 02 00 58 
06.05.2012 1:22:41     SEND READ    00 05 00 00 00 06 01 03 00 09 00 01 
06.05.2012 1:22:41     GET DATA    00 05 00 00 00 03 01 83 02 
06.05.2012 1:22:41     SEND READ    00 04 00 00 00 06 01 03 00 08 00 01 
06.05.2012 1:22:41     GET DATA    00 04 00 00 00 05 01 03 02 10 B8 
06.05.2012 1:22:41     SEND READ    00 03 00 00 00 06 01 03 00 06 00 02 
06.05.2012 1:22:41     GET DATA    00 03 00 00 00 07 01 03 04 01 60 00 00 
06.05.2012 1:22:42     SEND READ    00 02 00 00 00 06 01 03 00 04 00 01 
06.05.2012 1:22:42     GET DATA    00 02 00 00 00 05 01 03 02 01 0B 
06.05.2012 1:22:42     SEND READ    00 01 00 00 00 06 01 03 00 02 00 02 
06.05.2012 1:22:42     GET DATA    00 01 00 00 00 07 01 03 04 00 B2 00 00 
06.05.2012 1:22:42     SEND READ    00 00 00 00 00 06 01 03 00 00 00 01 
06.05.2012 1:22:42     GET DATA    00 00 00 00 00 05 01 03 02 00 59 
06.05.2012 1:22:42     SEND READ    00 05 00 00 00 06 01 03 00 09 00 01 
06.05.2012 1:22:42     GET DATA    00 05 00 00 00 03 01 83 02 
06.05.2012 1:22:42     SEND READ    00 04 00 00 00 06 01 03 00 08 00 01 
06.05.2012 1:22:42     GET DATA    00 04 00 00 00 05 01 03 02 16 BD 
06.05.2012 1:22:42     SEND READ    00 03 00 00 00 06 01 03 00 06 00 02 
06.05.2012 1:22:42     GET DATA    00 03 00 00 00 07 01 03 04 01 64 00 00 
06.05.2012 1:22:43     SEND READ    00 02 00 00 00 06 01 03 00 04 00 01 
06.05.2012 1:22:43     GET DATA    00 02 00 00 00 05 01 03 02 01 0E 
06.05.2012 1:22:43     SEND READ    00 01 00 00 00 06 01 03 00 02 00 02 
06.05.2012 1:22:43     GET DATA    00 01 00 00 00 07 01 03 04 00 B4 00 00 
06.05.2012 1:22:43     SEND READ    00 00 00 00 00 06 01 03 00 00 00 01 
06.05.2012 1:22:43     GET DATA    00 00 00 00 00 05 01 03 02 00 5A 
06.05.2012 1:22:43     SEND READ    00 05 00 00 00 06 01 03 00 09 00 01 
06.05.2012 1:22:43     GET DATA    00 05 00 00 00 03 01 83 02 
06.05.2012 1:22:43     SEND READ    00 04 00 00 00 06 01 03 00 08 00 01 
06.05.2012 1:22:43     GET DATA    00 04 00 00 00 05 01 03 02 1C C2 
06.05.2012 1:22:43     SEND READ    00 03 00 00 00 06 01 03 00 06 00 02 
06.05.2012 1:22:43     GET DATA    00 03 00 00 00 07 01 03 04 01 68 00 00 
06.05.2012 1:22:44     SEND READ    00 02 00 00 00 06 01 03 00 04 00 01 
06.05.2012 1:22:44     GET DATA    00 02 00 00 00 05 01 03 02 01 11 
06.05.2012 1:22:44     SEND READ    00 01 00 00 00 06 01 03 00 02 00 02 
06.05.2012 1:22:44     GET DATA    00 01 00 00 00 07 01 03 04 00 B6 00 00 
06.05.2012 1:22:44     SEND READ    00 00 00 00 00 06 01 03 00 00 00 01 
06.05.2012 1:22:44     GET DATA    00 00 00 00 00 05 01 03 02 00 5B 
06.05.2012 1:22:44     SEND READ    00 05 00 00 00 06 01 03 00 09 00 01 
06.05.2012 1:22:44     GET DATA    00 05 00 00 00 03 01 83 02 
06.05.2012 1:22:44     SEND READ    00 04 00 00 00 06 01 03 00 08 00 01 
06.05.2012 1:22:44     GET DATA    00 04 00 00 00 05 01 03 02 22 C7 
06.05.2012 1:22:44     SEND READ    00 03 00 00 00 06 01 03 00 06 00 02 
06.05.2012 1:22:44     GET DATA    00 03 00 00 00 07 01 03 04 01 6C 00 00 
06.05.2012 1:22:45     SEND READ    00 02 00 00 00 06 01 03 00 04 00 01 
06.05.2012 1:22:45     GET DATA    00 02 00 00 00 05 01 03 02 01 14 
06.05.2012 1:22:45     SEND READ    00 01 00 00 00 06 01 03 00 02 00 02 
06.05.2012 1:22:45     GET DATA    00 01 00 00 00 07 01 03 04 00 B8 00 00 
06.05.2012 1:22:45     SEND READ    00 00 00 00 00 06 01 03 00 00 00 01 
06.05.2012 1:22:45     GET DATA    00 00 00 00 00 05 01 03 02 00 5C 
06.05.2012 1:22:45     SEND READ    00 05 00 00 00 06 01 03 00 09 00 01 
06.05.2012 1:22:45     GET DATA    00 05 00 00 00 03 01 83 02 
06.05.2012 1:22:45     SEND READ    00 04 00 00 00 06 01 03 00 08 00 01 
06.05.2012 1:22:45     GET DATA    00 04 00 00 00 05 01 03 02 28 CC 
06.05.2012 1:22:45     SEND READ    00 03 00 00 00 06 01 03 00 06 00 02 
06.05.2012 1:22:45     GET DATA    00 03 00 00 00 07 01 03 04 01 70 00 00 
06.05.2012 1:22:46     SEND READ    00 02 00 00 00 06 01 03 00 04 00 01 
06.05.2012 1:22:46     GET DATA    00 02 00 00 00 05 01 03 02 01 17 
06.05.2012 1:22:46     SEND READ    00 01 00 00 00 06 01 03 00 02 00 02 
06.05.2012 1:22:46     GET DATA    00 01 00 00 00 07 01 03 04 00 BA 00 00 
06.05.2012 1:22:46     SEND READ    00 00 00 00 00 06 01 03 00 00 00 01 
06.05.2012 1:22:46     GET DATA    00 00 00 00 00 05 01 03 02 00 5D 
06.05.2012 1:22:46     SEND READ    00 05 00 00 00 06 01 03 00 09 00 01 
06.05.2012 1:22:46     GET DATA    00 05 00 00 00 03 01 83 02 
06.05.2012 1:22:46     SEND READ    00 04 00 00 00 06 01 03 00 08 00 01 
06.05.2012 1:22:46     GET DATA    00 04 00 00 00 05 01 03 02 2E D1 
06.05.2012 1:22:46     SEND READ    00 03 00 00 00 06 01 03 00 06 00 02 
06.05.2012 1:22:46     GET DATA    00 03 00 00 00 07 01 03 04 01 74 00 00 
06.05.2012 1:22:47     SEND READ    00 02 00 00 00 06 01 03 00 04 00 01 
06.05.2012 1:22:47     GET DATA    00 02 00 00 00 05 01 03 02 01 1A 
06.05.2012 1:22:47     SEND READ    00 01 00 00 00 06 01 03 00 02 00 02 
06.05.2012 1:22:47     GET DATA    00 01 00 00 00 07 01 03 04 00 BC 00 00 
06.05.2012 1:22:47     SEND READ    00 00 00 00 00 06 01 03 00 00 00 01 
06.05.2012 1:22:47     GET DATA    00 00 00 00 00 05 01 03 02 00 5E 
06.05.2012 1:22:47     SEND READ    00 05 00 00 00 06 01 03 00 09 00 01 
06.05.2012 1:22:47     GET DATA    00 05 00 00 00 03 01 83 02 
06.05.2012 1:22:47     SEND READ    00 04 00 00 00 06 01 03 00 08 00 01 
06.05.2012 1:22:47     GET DATA    00 04 00 00 00 05 01 03 02 34 D6 
06.05.2012 1:22:47     SEND READ    00 03 00 00 00 06 01 03 00 06 00 02 
06.05.2012 1:22:47     GET DATA    00 03 00 00 00 07 01 03 04 01 78 00 00 
06.05.2012 1:22:48     SEND READ    00 02 00 00 00 06 01 03 00 04 00 01 
06.05.2012 1:22:48     GET DATA    00 02 00 00 00 05 01 03 02 01 1D 
06.05.2012 1:22:48     SEND READ    00 01 00 00 00 06 01 03 00 02 00 02 
06.05.2012 1:22:48     GET DATA    00 01 00 00 00 07 01 03 04 00 BE 00 00 
06.05.2012 1:22:48     SEND READ    00 00 00 00 00 06 01 03 00 00 00 01 
06.05.2012 1:22:48     GET DATA    00 00 00 00 00 05 01 03 02 00 5F 
06.05.2012 1:22:48     SEND READ    00 05 00 00 00 06 01 03 00 09 00 01 
06.05.2012 1:22:48     GET DATA    00 05 00 00 00 03 01 83 02 
06.05.2012 1:22:48     SEND READ    00 04 00 00 00 06 01 03 00 08 00 01 
06.05.2012 1:22:48     GET DATA    00 04 00 00 00 05 01 03 02 3A DB 
06.05.2012 1:22:48     SEND READ    00 03 00 00 00 06 01 03 00 06 00 02 
06.05.2012 1:22:48     GET DATA    00 03 00 00 00 07 01 03 04 01 7C 00 00 
06.05.2012 1:22:49     SEND READ    00 02 00 00 00 06 01 03 00 04 00 01 
06.05.2012 1:22:49     GET DATA    00 02 00 00 00 05 01 03 02 01 20 
06.05.2012 1:22:49     SEND READ    00 01 00 00 00 06 01 03 00 02 00 02 
06.05.2012 1:22:49     GET DATA    00 01 00 00 00 07 01 03 04 00 C0 00 00 
06.05.2012 1:22:49     SEND READ    00 00 00 00 00 06 01 03 00 00 00 01 
06.05.2012 1:22:49     GET DATA    00 00 00 00 00 05 01 03 02 00 60 
06.05.2012 1:22:49     SEND READ    00 05 00 00 00 06 01 03 00 09 00 01 
06.05.2012 1:22:49     GET DATA    00 05 00 00 00 03 01 83 02 
06.05.2012 1:22:49     SEND READ    00 04 00 00 00 06 01 03 00 08 00 01 
06.05.2012 1:22:49     GET DATA    00 04 00 00 00 05 01 03 02 40 E0 
06.05.2012 1:22:49     SEND READ    00 03 00 00 00 06 01 03 00 06 00 02 
06.05.2012 1:22:49     GET DATA    00 03 00 00 00 07 01 03 04 01 80 00 00 
06.05.2012 1:22:50     SEND READ    00 02 00 00 00 06 01 03 00 04 00 01 
06.05.2012 1:22:50     GET DATA    00 02 00 00 00 05 01 03 02 01 23 
06.05.2012 1:22:50     SEND READ    00 01 00 00 00 06 01 03 00 02 00 02 
06.05.2012 1:22:50     GET DATA    00 01 00 00 00 07 01 03 04 00 C2 00 00 
06.05.2012 1:22:50     SEND READ    00 00 00 00 00 06 01 03 00 00 00 01 
06.05.2012 1:22:50     GET DATA    00 00 00 00 00 05 01 03 02 00 61 
06.05.2012 1:22:50     SEND READ    00 05 00 00 00 06 01 03 00 09 00 01 
06.05.2012 1:22:50     GET DATA    00 05 00 00 00 03 01 83 02 
06.05.2012 1:22:50     SEND READ    00 04 00 00 00 06 01 03 00 08 00 01 
06.05.2012 1:22:50     GET DATA    00 04 00 00 00 05 01 03 02 46 E5 
06.05.2012 1:22:50     SEND READ    00 03 00 00 00 06 01 03 00 06 00 02 
06.05.2012 1:22:50     GET DATA    00 03 00 00 00 07 01 03 04 01 84 00 00 
06.05.2012 1:22:51     SEND READ    00 02 00 00 00 06 01 03 00 04 00 01 
06.05.2012 1:22:51     GET DATA    00 02 00 00 00 05 01 03 02 01 26 
06.05.2012 1:22:51     SEND READ    00 01 00 00 00 06 01 03 00 02 00 02 
06.05.2012 1:22:51     GET DATA    00 01 00 00 00 07 01 03 04 00 C4 00 00 
06.05.2012 1:22:51     SEND READ    00 00 00 00 00 06 01 03 00 00 00 01 
06.05.2012 1:22:51     GET DATA    00 00 00 00 00 05 01 03 02 00 62 
06.05.2012 1:22:51     SEND READ    00 05 00 00 00 06 01 03 00 09 00 01 
06.05.2012 1:22:51     GET DATA    00 05 00 00 00 03 01 83 02 
06.05.2012 1:22:51     SEND READ    00 04 00 00 00 06 01 03 00 08 00 01 
06.05.2012 1:22:51     GET DATA    00 04 00 00 00 05 01 03 02 4C EA 
06.05.2012 1:22:51     SEND READ    00 03 00 00 00 06 01 03 00 06 00 02 
06.05.2012 1:22:51     GET DATA    00 03 00 00 00 07 01 03 04 01 88 00 00 
06.05.2012 1:22:52     SEND READ    00 02 00 00 00 06 01 03 00 04 00 01 
06.05.2012 1:22:52     GET DATA    00 02 00 00 00 05 01 03 02 01 29 
06.05.2012 1:22:52     SEND READ    00 01 00 00 00 06 01 03 00 02 00 02 
06.05.2012 1:22:52     GET DATA    00 01 00 00 00 07 01 03 04 00 C6 00 00 
06.05.2012 1:22:52     SEND READ    00 00 00 00 00 06 01 03 00 00 00 01 
06.05.2012 1:22:52     GET DATA    00 00 00 00 00 05 01 03 02 00 63 
06.05.2012 1:22:52     SEND READ    00 05 00 00 00 06 01 03 00 09 00 01 
06.05.2012 1:22:52     GET DATA    00 05 00 00 00 03 01 83 02 
06.05.2012 1:22:52     SEND READ    00 04 00 00 00 06 01 03 00 08 00 01 
06.05.2012 1:22:52     GET DATA    00 04 00 00 00 05 01 03 02 52 EF 
06.05.2012 1:22:52     SEND READ    00 03 00 00 00 06 01 03 00 06 00 02 
06.05.2012 1:22:52     GET DATA    00 03 00 00 00 07 01 03 04 01 8C 00 00 
06.05.2012 1:22:53     SEND READ    00 02 00 00 00 06 01 03 00 04 00 01 
06.05.2012 1:22:53     GET DATA    00 02 00 00 00 05 01 03 02 01 2C 
06.05.2012 1:22:53     SEND READ    00 01 00 00 00 06 01 03 00 02 00 02 
06.05.2012 1:22:53     GET DATA    00 01 00 00 00 07 01 03 04 00 C8 00 00 
06.05.2012 1:22:53     SEND READ    00 00 00 00 00 06 01 03 00 00 00 01 
06.05.2012 1:22:53     GET DATA    00 00 00 00 00 05 01 03 02 00 64 
06.05.2012 1:22:53     SEND READ    00 05 00 00 00 06 01 03 00 09 00 01 
06.05.2012 1:22:53     GET DATA    00 05 00 00 00 03 01 83 02 
06.05.2012 1:22:53     SEND READ    00 04 00 00 00 06 01 03 00 08 00 01 
06.05.2012 1:22:53     GET DATA    00 04 00 00 00 05 01 03 02 58 F4 
06.05.2012 1:22:53     SEND READ    00 03 00 00 00 06 01 03 00 06 00 02 
06.05.2012 1:22:53     GET DATA    00 03 00 00 00 07 01 03 04 01 90 00 00 
06.05.2012 1:22:54     SEND READ    00 02 00 00 00 06 01 03 00 04 00 01 
06.05.2012 1:22:54     GET DATA    00 02 00 00 00 05 01 03 02 01 2F 
06.05.2012 1:22:54     SEND READ    00 01 00 00 00 06 01 03 00 02 00 02 
06.05.2012 1:22:54     GET DATA    00 01 00 00 00 07 01 03 04 00 CA 00 00 
06.05.2012 1:22:54     SEND READ    00 00 00 00 00 06 01 03 00 00 00 01 
06.05.2012 1:22:54     GET DATA    00 00 00 00 00 05 01 03 02 00 65 
06.05.2012 1:22:54     SEND READ    00 05 00 00 00 06 01 03 00 09 00 01 
06.05.2012 1:22:54     GET DATA    00 05 00 00 00 03 01 83 02 
06.05.2012 1:22:54     SEND READ    00 04 00 00 00 06 01 03 00 08 00 01 
06.05.2012 1:22:54     GET DATA    00 04 00 00 00 05 01 03 02 5E F9 
06.05.2012 1:22:54     SEND READ    00 03 00 00 00 06 01 03 00 06 00 02 
06.05.2012 1:22:54     GET DATA    00 03 00 00 00 07 01 03 04 01 94 00 00 
06.05.2012 1:22:55     SEND READ    00 02 00 00 00 06 01 03 00 04 00 01 
06.05.2012 1:22:55     GET DATA    00 02 00 00 00 05 01 03 02 01 32 
06.05.2012 1:22:55     SEND READ    00 01 00 00 00 06 01 03 00 02 00 02 
06.05.2012 1:22:55     GET DATA    00 01 00 00 00 07 01 03 04 00 CC 00 00 
06.05.2012 1:22:55     SEND READ    00 00 00 00 00 06 01 03 00 00 00 01 
06.05.2012 1:22:55     GET DATA    00 00 00 00 00 05 01 03 02 00 66 
06.05.2012 1:22:55     SEND READ    00 05 00 00 00 06 01 03 00 09 00 01 
06.05.2012 1:22:55     GET DATA    00 05 00 00 00 03 01 83 02 
06.05.2012 1:22:55     SEND READ    00 04 00 00 00 06 01 03 00 08 00 01 
06.05.2012 1:22:55     GET DATA    00 04 00 00 00 05 01 03 02 64 FE 
06.05.2012 1:22:55     SEND READ    00 03 00 00 00 06 01 03 00 06 00 02 
06.05.2012 1:22:55     GET DATA    00 03 00 00 00 07 01 03 04 01 98 00 00 
